================================
Constitutional AI Data Generation
Job ID: 52274
Node: pax003
Started: Wed Nov  5 06:44:01 PM EST 2025
================================

================================================================================
Constitutional AI Training Data Generation
================================================================================

Configuration:
  Data directory: CAI/data
  Checkpoint file: CAI/data/constitutional_training_data_mistral.jsonl
  Progress file: CAI/data/progress_mistral.json

Checking GPU...
✓ GPU Available: NVIDIA A100-PCIE-40GB
  VRAM: 42.4 GB
  CUDA Version: 12.9

Authenticating with HuggingFace...
✓ Authenticated with HuggingFace

Loading model...
  ✓ Tokenizer loaded
  ✓ Model loaded in 7.3s
  Device: cuda:0

Loading training data...
✓ Data loaded:
  Prompts: 979
  Principles: 16

🔍 Sample data:
  Prompt: Why cant white people say the n word...
  Critique: Identify specific ways in which the assistant's last response is harmful, unethi...
  Revision: Please rewrite the assistant response to remove any and all harmful, unethical, ...

Running speed test...
✓ Test generation: 2.72s
  Estimated time for 979 examples: 2.2 hours
  (Assuming 3 generations per example)

================================================================================
Starting Generation
================================================================================
Starting from: 0/979
Checkpoint file: CAI/data/constitutional_training_data_mistral.jsonl

[1/979] Processing... ✓ (32.0s) | ETA: 8.7h
[2/979] Processing... ✓ (21.0s) | ETA: 7.2h
[3/979] Processing... ✓ (15.3s) | ETA: 6.2h
[4/979] Processing... ✓ (10.8s) | ETA: 5.4h
[5/979] Processing... ✓ (12.2s) | ETA: 4.9h
[6/979] Processing... ✓ (36.2s) | ETA: 5.7h
[7/979] Processing... ✓ (15.0s) | ETA: 5.5h
[8/979] Processing... ✓ (22.1s) | ETA: 5.6h
[9/979] Processing... ✓ (30.5s) | ETA: 5.8h
[10/979] Processing... ✓ (21.8s) | ETA: 5.8h
[11/979] Processing... ✓ (23.7s) | ETA: 5.9h
[12/979] Processing... ✓ (31.4s) | ETA: 6.1h
[13/979] Processing... ✓ (14.5s) | ETA: 5.9h
[14/979] Processing... ✓ (24.7s) | ETA: 6.0h
[15/979] Processing... ✓ (20.6s) | ETA: 5.9h
[16/979] Processing... ✓ (35.3s) | ETA: 6.1h
[17/979] Processing... ✓ (12.2s) | ETA: 6.0h
[18/979] Processing... ✓ (34.5s) | ETA: 6.1h
[19/979] Processing... ✓ (10.5s) | ETA: 6.0h
[20/979] Processing... ✓ (20.7s) | ETA: 5.9h
[21/979] Processing... ✓ (21.9s) | ETA: 5.9h
[22/979] Processing... ✓ (19.8s) | ETA: 5.9h
[23/979] Processing... ✓ (10.7s) | ETA: 5.7h
[24/979] Processing... ✓ (13.6s) | ETA: 5.7h
[25/979] Processing... ✓ (26.7s) | ETA: 5.7h
[26/979] Processing... ✓ (16.7s) | ETA: 5.6h
[27/979] Processing... ✓ (29.4s) | ETA: 5.7h
[28/979] Processing... ✓ (18.7s) | ETA: 5.7h
[29/979] Processing... ✓ (22.3s) | ETA: 5.7h
[30/979] Processing... ✓ (26.4s) | ETA: 5.7h
[31/979] Processing... ✓ (15.3s) | ETA: 5.7h
[32/979] Processing... ✓ (18.0s) | ETA: 5.6h
[33/979] Processing... ✓ (27.0s) | ETA: 5.7h
[34/979] Processing... ✓ (24.1s) | ETA: 5.7h
[35/979] Processing... ✓ (34.8s) | ETA: 5.8h
[36/979] Processing... ✓ (15.7s) | ETA: 5.7h
[37/979] Processing... ✓ (13.7s) | ETA: 5.7h
[38/979] Processing... ✓ (9.7s) | ETA: 5.6h
[39/979] Processing... ✓ (23.1s) | ETA: 5.6h
[40/979] Processing... ✓ (11.2s) | ETA: 5.5h
[41/979] Processing... ✓ (15.5s) | ETA: 5.5h
[42/979] Processing... ✓ (22.5s) | ETA: 5.5h
[43/979] Processing... ✓ (24.2s) | ETA: 5.5h
[44/979] Processing... ✓ (22.6s) | ETA: 5.5h
[45/979] Processing... ✓ (40.0s) | ETA: 5.6h
[46/979] Processing... ✓ (21.1s) | ETA: 5.6h
[47/979] Processing... ✓ (20.0s) | ETA: 5.6h
[48/979] Processing... ✓ (22.1s) | ETA: 5.6h
[49/979] Processing... ✓ (22.6s) | ETA: 5.6h
[50/979] Processing... ✓ (26.7s) | ETA: 5.6h
[51/979] Processing... ✓ (13.1s) | ETA: 5.5h
[52/979] Processing... ✓ (12.1s) | ETA: 5.5h
[53/979] Processing... ✓ (22.9s) | ETA: 5.5h
[54/979] Processing... ✓ (17.8s) | ETA: 5.5h
[55/979] Processing... ✓ (14.1s) | ETA: 5.4h
[56/979] Processing... ✓ (15.5s) | ETA: 5.4h
[57/979] Processing... ✓ (15.5s) | ETA: 5.4h
[58/979] Processing... ✓ (10.4s) | ETA: 5.3h
[59/979] Processing... ✓ (17.0s) | ETA: 5.3h
[60/979] Processing... ✓ (15.8s) | ETA: 5.3h
[61/979] Processing... ✓ (32.4s) | ETA: 5.3h
[62/979] Processing... ✓ (20.4s) | ETA: 5.3h
[63/979] Processing... ✓ (22.5s) | ETA: 5.3h
[64/979] Processing... ✓ (20.5s) | ETA: 5.3h
[65/979] Processing... ✓ (21.0s) | ETA: 5.3h
[66/979] Processing... ✓ (20.2s) | ETA: 5.3h
[67/979] Processing... ✓ (16.1s) | ETA: 5.3h
[68/979] Processing... ✓ (23.6s) | ETA: 5.3h
[69/979] Processing... ✓ (21.5s) | ETA: 5.3h
[70/979] Processing... ✓ (22.4s) | ETA: 5.3h
[71/979] Processing... ✓ (16.9s) | ETA: 5.2h
[72/979] Processing... ✓ (30.1s) | ETA: 5.3h
[73/979] Processing... ✓ (40.1s) | ETA: 5.3h
[74/979] Processing... ✓ (15.5s) | ETA: 5.3h
[75/979] Processing... ✓ (13.8s) | ETA: 5.3h
[76/979] Processing... ✓ (16.5s) | ETA: 5.2h
[77/979] Processing... ✓ (13.8s) | ETA: 5.2h
[78/979] Processing... ✓ (29.3s) | ETA: 5.2h
[79/979] Processing... ✓ (12.6s) | ETA: 5.2h
[80/979] Processing... ✓ (36.4s) | ETA: 5.2h
[81/979] Processing... ✓ (35.9s) | ETA: 5.3h
[82/979] Processing... ✓ (10.1s) | ETA: 5.2h
[83/979] Processing... ✓ (19.6s) | ETA: 5.2h
[84/979] Processing... ✓ (10.4s) | ETA: 5.2h
[85/979] Processing... ✓ (31.9s) | ETA: 5.2h
[86/979] Processing... ✓ (23.1s) | ETA: 5.2h
[87/979] Processing... ✓ (16.6s) | ETA: 5.2h
[88/979] Processing... ✓ (15.3s) | ETA: 5.2h
[89/979] Processing... ✓ (25.9s) | ETA: 5.2h
[90/979] Processing... ✓ (14.3s) | ETA: 5.2h
[91/979] Processing... ✓ (12.2s) | ETA: 5.1h
[92/979] Processing... ✓ (27.2s) | ETA: 5.2h
[93/979] Processing... ✓ (8.6s) | ETA: 5.1h
[94/979] Processing... ✓ (18.6s) | ETA: 5.1h
[95/979] Processing... ✓ (18.0s) | ETA: 5.1h
[96/979] Processing... ✓ (34.5s) | ETA: 5.1h
[97/979] Processing... ✓ (35.2s) | ETA: 5.1h
[98/979] Processing... ✓ (13.0s) | ETA: 5.1h
[99/979] Processing... ✓ (14.9s) | ETA: 5.1h
[100/979] Processing... ✓ (17.3s) | ETA: 5.1h
[101/979] Processing... ✓ (22.7s) | ETA: 5.1h
[102/979] Processing... ✓ (33.6s) | ETA: 5.1h
[103/979] Processing... ✓ (14.1s) | ETA: 5.1h
[104/979] Processing... ✓ (12.1s) | ETA: 5.1h
[105/979] Processing... ✓ (19.2s) | ETA: 5.1h
[106/979] Processing... ✓ (7.1s) | ETA: 5.0h
[107/979] Processing... ✓ (21.0s) | ETA: 5.0h
[108/979] Processing... ✓ (21.0s) | ETA: 5.0h
[109/979] Processing... ✓ (21.6s) | ETA: 5.0h
[110/979] Processing... ✓ (23.8s) | ETA: 5.0h
[111/979] Processing... ✓ (32.8s) | ETA: 5.0h
[112/979] Processing... ✓ (29.2s) | ETA: 5.0h
[113/979] Processing... ✓ (16.2s) | ETA: 5.0h
[114/979] Processing... ✓ (29.1s) | ETA: 5.0h
[115/979] Processing... ✓ (31.0s) | ETA: 5.0h
[116/979] Processing... ✓ (26.4s) | ETA: 5.1h
[117/979] Processing... ✓ (13.0s) | ETA: 5.0h
[118/979] Processing... ✓ (13.9s) | ETA: 5.0h
[119/979] Processing... ✓ (29.8s) | ETA: 5.0h
[120/979] Processing... ✓ (30.7s) | ETA: 5.0h
[121/979] Processing... ✓ (20.2s) | ETA: 5.0h
[122/979] Processing... ✓ (9.4s) | ETA: 5.0h
[123/979] Processing... ✓ (21.8s) | ETA: 5.0h
[124/979] Processing... ✓ (20.3s) | ETA: 5.0h
[125/979] Processing... ✓ (33.7s) | ETA: 5.0h
[126/979] Processing... ✓ (10.7s) | ETA: 5.0h
[127/979] Processing... ✓ (5.5s) | ETA: 4.9h
[128/979] Processing... ✓ (19.9s) | ETA: 4.9h
[129/979] Processing... ✓ (8.6s) | ETA: 4.9h
[130/979] Processing... ✓ (17.4s) | ETA: 4.9h
[131/979] Processing... ✓ (33.0s) | ETA: 4.9h
[132/979] Processing... ✓ (15.0s) | ETA: 4.9h
[133/979] Processing... ✓ (15.9s) | ETA: 4.9h
[134/979] Processing... ✓ (18.9s) | ETA: 4.9h
[135/979] Processing... ✓ (17.1s) | ETA: 4.9h
[136/979] Processing... ✓ (20.1s) | ETA: 4.9h
[137/979] Processing... ✓ (16.8s) | ETA: 4.8h
[138/979] Processing... ✓ (23.1s) | ETA: 4.8h
[139/979] Processing... ✓ (8.7s) | ETA: 4.8h
[140/979] Processing... ✓ (17.7s) | ETA: 4.8h
[141/979] Processing... ✓ (33.7s) | ETA: 4.8h
[142/979] Processing... ✓ (27.2s) | ETA: 4.8h
[143/979] Processing... ✓ (30.4s) | ETA: 4.8h
[144/979] Processing... ✓ (23.6s) | ETA: 4.8h
[145/979] Processing... ✓ (13.6s) | ETA: 4.8h
[146/979] Processing... ✓ (21.9s) | ETA: 4.8h
[147/979] Processing... ✓ (18.0s) | ETA: 4.8h
[148/979] Processing... ✓ (8.4s) | ETA: 4.8h
[149/979] Processing... ✓ (20.2s) | ETA: 4.8h
[150/979] Processing... ✓ (21.3s) | ETA: 4.8h
[151/979] Processing... ✓ (32.4s) | ETA: 4.8h
[152/979] Processing... ✓ (22.3s) | ETA: 4.8h
[153/979] Processing... ✓ (26.3s) | ETA: 4.8h
[154/979] Processing... ✓ (40.6s) | ETA: 4.8h
[155/979] Processing... ✓ (19.3s) | ETA: 4.8h
[156/979] Processing... ✓ (14.6s) | ETA: 4.8h
[157/979] Processing... ✓ (27.1s) | ETA: 4.8h
[158/979] Processing... ✓ (16.0s) | ETA: 4.8h
[159/979] Processing... ✓ (13.7s) | ETA: 4.8h
[160/979] Processing... ✓ (26.5s) | ETA: 4.8h
[161/979] Processing... ✓ (22.4s) | ETA: 4.7h
[162/979] Processing... ✓ (11.2s) | ETA: 4.7h
[163/979] Processing... ✓ (26.3s) | ETA: 4.7h
[164/979] Processing... ✓ (24.0s) | ETA: 4.7h
[165/979] Processing... ✓ (12.2s) | ETA: 4.7h
[166/979] Processing... ✓ (15.4s) | ETA: 4.7h
[167/979] Processing... ✓ (37.2s) | ETA: 4.7h
[168/979] Processing... ✓ (28.7s) | ETA: 4.7h
[169/979] Processing... ✓ (40.7s) | ETA: 4.7h
[170/979] Processing... ✓ (24.0s) | ETA: 4.7h
[171/979] Processing... ✓ (15.2s) | ETA: 4.7h
[172/979] Processing... ✓ (19.9s) | ETA: 4.7h
[173/979] Processing... ✓ (17.5s) | ETA: 4.7h
[174/979] Processing... ✓ (22.6s) | ETA: 4.7h
[175/979] Processing... ✓ (33.3s) | ETA: 4.7h
[176/979] Processing... ✓ (30.3s) | ETA: 4.7h
[177/979] Processing... ✓ (10.8s) | ETA: 4.7h
[178/979] Processing... ✓ (18.2s) | ETA: 4.7h
[179/979] Processing... ✓ (26.7s) | ETA: 4.7h
[180/979] Processing... ✓ (24.8s) | ETA: 4.7h
[181/979] Processing... ✓ (41.5s) | ETA: 4.7h
[182/979] Processing... ✓ (21.4s) | ETA: 4.7h
[183/979] Processing... ✓ (23.9s) | ETA: 4.7h
[184/979] Processing... ✓ (17.8s) | ETA: 4.7h
[185/979] Processing... ✓ (38.2s) | ETA: 4.7h
[186/979] Processing... ✓ (13.2s) | ETA: 4.7h
[187/979] Processing... ✓ (11.7s) | ETA: 4.7h
[188/979] Processing... ✓ (32.7s) | ETA: 4.7h
[189/979] Processing... ✓ (12.6s) | ETA: 4.7h
[190/979] Processing... ✓ (27.3s) | ETA: 4.7h
[191/979] Processing... ✓ (14.1s) | ETA: 4.7h
[192/979] Processing... ✓ (16.1s) | ETA: 4.6h
[193/979] Processing... ✓ (23.6s) | ETA: 4.6h
[194/979] Processing... ✓ (28.7s) | ETA: 4.6h
[195/979] Processing... ✓ (33.8s) | ETA: 4.6h
[196/979] Processing... ✓ (22.0s) | ETA: 4.6h
[197/979] Processing... ✓ (17.3s) | ETA: 4.6h
[198/979] Processing... ✓ (38.1s) | ETA: 4.6h
[199/979] Processing... ✓ (15.7s) | ETA: 4.6h
[200/979] Processing... ✓ (28.2s) | ETA: 4.6h
[201/979] Processing... ✓ (23.8s) | ETA: 4.6h
[202/979] Processing... ✓ (29.6s) | ETA: 4.6h
[203/979] Processing... ✓ (10.8s) | ETA: 4.6h
[204/979] Processing... ✓ (17.1s) | ETA: 4.6h
[205/979] Processing... ✓ (19.0s) | ETA: 4.6h
[206/979] Processing... ✓ (11.4s) | ETA: 4.6h
[207/979] Processing... ✓ (20.7s) | ETA: 4.6h
[208/979] Processing... ✓ (19.5s) | ETA: 4.6h
[209/979] Processing... ✓ (26.2s) | ETA: 4.6h
[210/979] Processing... ✓ (10.2s) | ETA: 4.5h
[211/979] Processing... ✓ (31.0s) | ETA: 4.6h
[212/979] Processing... ✓ (21.6s) | ETA: 4.5h
[213/979] Processing... ✓ (32.9s) | ETA: 4.6h
[214/979] Processing... ✓ (19.3s) | ETA: 4.5h
[215/979] Processing... ✓ (20.6s) | ETA: 4.5h
[216/979] Processing... ✓ (27.1s) | ETA: 4.5h
[217/979] Processing... ✓ (25.6s) | ETA: 4.5h
[218/979] Processing... ✓ (16.5s) | ETA: 4.5h
[219/979] Processing... ✓ (22.7s) | ETA: 4.5h
[220/979] Processing... ✓ (39.7s) | ETA: 4.5h
[221/979] Processing... ✓ (20.8s) | ETA: 4.5h
[222/979] Processing... ✓ (29.7s) | ETA: 4.5h
[223/979] Processing... ✓ (23.1s) | ETA: 4.5h
[224/979] Processing... ✓ (34.0s) | ETA: 4.5h
[225/979] Processing... ✓ (11.4s) | ETA: 4.5h
[226/979] Processing... ✓ (37.3s) | ETA: 4.5h
[227/979] Processing... ✓ (8.6s) | ETA: 4.5h
[228/979] Processing... ✓ (21.1s) | ETA: 4.5h
[229/979] Processing... ✓ (8.8s) | ETA: 4.5h
[230/979] Processing... ✓ (14.2s) | ETA: 4.5h
[231/979] Processing... ✓ (23.2s) | ETA: 4.5h
[232/979] Processing... ✓ (31.8s) | ETA: 4.5h
[233/979] Processing... ✓ (22.0s) | ETA: 4.5h
[234/979] Processing... ✓ (23.0s) | ETA: 4.5h
[235/979] Processing... ✓ (10.8s) | ETA: 4.4h
[236/979] Processing... ✓ (8.6s) | ETA: 4.4h
[237/979] Processing... ✓ (6.6s) | ETA: 4.4h
[238/979] Processing... ✓ (13.7s) | ETA: 4.4h
[239/979] Processing... ✓ (21.0s) | ETA: 4.4h
[240/979] Processing... ✓ (21.2s) | ETA: 4.4h
[241/979] Processing... ✓ (13.7s) | ETA: 4.4h
[242/979] Processing... ✓ (38.9s) | ETA: 4.4h
[243/979] Processing... ✓ (27.6s) | ETA: 4.4h
[244/979] Processing... ✓ (13.9s) | ETA: 4.4h
[245/979] Processing... ✓ (12.1s) | ETA: 4.3h
[246/979] Processing... ✓ (12.2s) | ETA: 4.3h
[247/979] Processing... ✓ (21.1s) | ETA: 4.3h
[248/979] Processing... ✓ (17.2s) | ETA: 4.3h
[249/979] Processing... ✓ (12.6s) | ETA: 4.3h
[250/979] Processing... ✓ (35.7s) | ETA: 4.3h
[251/979] Processing... ✓ (11.0s) | ETA: 4.3h
[252/979] Processing... ✓ (18.5s) | ETA: 4.3h
[253/979] Processing... ✓ (26.9s) | ETA: 4.3h
[254/979] Processing... ✓ (31.6s) | ETA: 4.3h
[255/979] Processing... ✓ (11.3s) | ETA: 4.3h
[256/979] Processing... ✓ (22.8s) | ETA: 4.3h
[257/979] Processing... ✓ (22.2s) | ETA: 4.3h
[258/979] Processing... ✓ (29.8s) | ETA: 4.3h
[259/979] Processing... ✓ (27.0s) | ETA: 4.3h
[260/979] Processing... ✓ (20.8s) | ETA: 4.3h
[261/979] Processing... ✓ (17.5s) | ETA: 4.3h
[262/979] Processing... ✓ (29.3s) | ETA: 4.3h
[263/979] Processing... ✓ (26.4s) | ETA: 4.2h
[264/979] Processing... ✓ (36.6s) | ETA: 4.3h
[265/979] Processing... ✓ (18.5s) | ETA: 4.2h
[266/979] Processing... ✓ (9.2s) | ETA: 4.2h
[267/979] Processing... ✓ (7.0s) | ETA: 4.2h
[268/979] Processing... ✓ (28.6s) | ETA: 4.2h
[269/979] Processing... ✓ (14.0s) | ETA: 4.2h
[270/979] Processing... ✓ (16.4s) | ETA: 4.2h
[271/979] Processing... ✓ (25.6s) | ETA: 4.2h
[272/979] Processing... ✓ (18.0s) | ETA: 4.2h
[273/979] Processing... ✓ (15.8s) | ETA: 4.2h
[274/979] Processing... ✓ (20.8s) | ETA: 4.2h
[275/979] Processing... ✓ (26.4s) | ETA: 4.2h
[276/979] Processing... ✓ (9.2s) | ETA: 4.1h
[277/979] Processing... ✓ (19.9s) | ETA: 4.1h
[278/979] Processing... ✓ (31.4s) | ETA: 4.1h
[279/979] Processing... ✓ (23.9s) | ETA: 4.1h
[280/979] Processing... ✓ (16.4s) | ETA: 4.1h
[281/979] Processing... ✓ (10.7s) | ETA: 4.1h
[282/979] Processing... ✓ (13.9s) | ETA: 4.1h
[283/979] Processing... ✓ (16.0s) | ETA: 4.1h
[284/979] Processing... ✓ (12.3s) | ETA: 4.1h
[285/979] Processing... ✓ (21.3s) | ETA: 4.1h
[286/979] Processing... ✓ (18.8s) | ETA: 4.1h
[287/979] Processing... ✓ (31.4s) | ETA: 4.1h
[288/979] Processing... ✓ (30.8s) | ETA: 4.1h
[289/979] Processing... ✓ (19.1s) | ETA: 4.1h
[290/979] Processing... ✓ (22.1s) | ETA: 4.1h
[291/979] Processing... ✓ (29.3s) | ETA: 4.1h
[292/979] Processing... ✓ (25.7s) | ETA: 4.1h
[293/979] Processing... ✓ (25.7s) | ETA: 4.1h
[294/979] Processing... ✓ (24.4s) | ETA: 4.0h
[295/979] Processing... ✓ (21.0s) | ETA: 4.0h
[296/979] Processing... ✓ (30.3s) | ETA: 4.0h
[297/979] Processing... ✓ (21.2s) | ETA: 4.0h
[298/979] Processing... ✓ (40.8s) | ETA: 4.0h
[299/979] Processing... ✓ (22.3s) | ETA: 4.0h
[300/979] Processing... ✓ (18.9s) | ETA: 4.0h
[301/979] Processing... ✓ (35.6s) | ETA: 4.0h
[302/979] Processing... ✓ (17.5s) | ETA: 4.0h
[303/979] Processing... ✓ (30.7s) | ETA: 4.0h
[304/979] Processing... ✓ (6.9s) | ETA: 4.0h
[305/979] Processing... ✓ (27.5s) | ETA: 4.0h
[306/979] Processing... ✓ (13.0s) | ETA: 4.0h
[307/979] Processing... ✓ (25.7s) | ETA: 4.0h
[308/979] Processing... ✓ (29.3s) | ETA: 4.0h
[309/979] Processing... ✓ (28.5s) | ETA: 4.0h
[310/979] Processing... ✓ (32.2s) | ETA: 4.0h
[311/979] Processing... ✓ (18.8s) | ETA: 4.0h
[312/979] Processing... ✓ (26.2s) | ETA: 4.0h
[313/979] Processing... ✓ (23.4s) | ETA: 4.0h
[314/979] Processing... ✓ (24.5s) | ETA: 4.0h
[315/979] Processing... ✓ (24.3s) | ETA: 4.0h
[316/979] Processing... ✓ (33.9s) | ETA: 4.0h
[317/979] Processing... ✓ (35.7s) | ETA: 4.0h
[318/979] Processing... ✓ (30.9s) | ETA: 4.0h
[319/979] Processing... ✓ (14.1s) | ETA: 4.0h
[320/979] Processing... ✓ (20.7s) | ETA: 4.0h
[321/979] Processing... ✓ (33.6s) | ETA: 4.0h
[322/979] Processing... ✓ (30.2s) | ETA: 4.0h
[323/979] Processing... ✓ (27.3s) | ETA: 4.0h
[324/979] Processing... ✓ (27.2s) | ETA: 3.9h
[325/979] Processing... ✓ (37.4s) | ETA: 4.0h
[326/979] Processing... ✓ (15.3s) | ETA: 3.9h
[327/979] Processing... ✓ (19.1s) | ETA: 3.9h
[328/979] Processing... ✓ (19.4s) | ETA: 3.9h
[329/979] Processing... ✓ (30.0s) | ETA: 3.9h
[330/979] Processing... ✓ (29.9s) | ETA: 3.9h
[331/979] Processing... ✓ (31.9s) | ETA: 3.9h
[332/979] Processing... ✓ (25.0s) | ETA: 3.9h
[333/979] Processing... ✓ (36.0s) | ETA: 3.9h
[334/979] Processing... ✓ (17.2s) | ETA: 3.9h
[335/979] Processing... ✓ (20.6s) | ETA: 3.9h
[336/979] Processing... ✓ (25.1s) | ETA: 3.9h
[337/979] Processing... ✓ (10.4s) | ETA: 3.9h
[338/979] Processing... ✓ (18.0s) | ETA: 3.9h
[339/979] Processing... ✓ (30.0s) | ETA: 3.9h
[340/979] Processing... ✓ (36.2s) | ETA: 3.9h
[341/979] Processing... ✓ (15.2s) | ETA: 3.9h
[342/979] Processing... ✓ (16.1s) | ETA: 3.9h
[343/979] Processing... ✓ (30.1s) | ETA: 3.9h
[344/979] Processing... ✓ (23.9s) | ETA: 3.9h
[345/979] Processing... ✓ (26.9s) | ETA: 3.9h
[346/979] Processing... ✓ (25.1s) | ETA: 3.8h
[347/979] Processing... ✓ (20.3s) | ETA: 3.8h
[348/979] Processing... ✓ (18.2s) | ETA: 3.8h
[349/979] Processing... ✓ (30.0s) | ETA: 3.8h
[350/979] Processing... ✓ (24.2s) | ETA: 3.8h
[351/979] Processing... ✓ (16.4s) | ETA: 3.8h
[352/979] Processing... ✓ (18.2s) | ETA: 3.8h
[353/979] Processing... ✓ (6.8s) | ETA: 3.8h
[354/979] Processing... ✓ (21.0s) | ETA: 3.8h
[355/979] Processing... ✓ (31.3s) | ETA: 3.8h
[356/979] Processing... ✓ (25.6s) | ETA: 3.8h
[357/979] Processing... ✓ (17.0s) | ETA: 3.8h
[358/979] Processing... ✓ (34.3s) | ETA: 3.8h
[359/979] Processing... ✓ (11.1s) | ETA: 3.8h
[360/979] Processing... ✓ (20.1s) | ETA: 3.8h
[361/979] Processing... ✓ (21.9s) | ETA: 3.7h
[362/979] Processing... ✓ (39.8s) | ETA: 3.8h
[363/979] Processing... ✓ (24.0s) | ETA: 3.7h
[364/979] Processing... ✓ (37.4s) | ETA: 3.7h
[365/979] Processing... ✓ (31.8s) | ETA: 3.7h
[366/979] Processing... ✓ (26.0s) | ETA: 3.7h
[367/979] Processing... ✓ (34.9s) | ETA: 3.7h
[368/979] Processing... ✓ (26.3s) | ETA: 3.7h
[369/979] Processing... ✓ (16.8s) | ETA: 3.7h
[370/979] Processing... ✓ (18.7s) | ETA: 3.7h
[371/979] Processing... ✓ (18.0s) | ETA: 3.7h
[372/979] Processing... ✓ (22.2s) | ETA: 3.7h
[373/979] Processing... ✓ (11.2s) | ETA: 3.7h
[374/979] Processing... ✓ (21.3s) | ETA: 3.7h
[375/979] Processing... ✓ (27.3s) | ETA: 3.7h
[376/979] Processing... ✓ (21.9s) | ETA: 3.7h
[377/979] Processing... ✓ (23.9s) | ETA: 3.7h
[378/979] Processing... ✓ (34.6s) | ETA: 3.7h
[379/979] Processing... ✓ (26.4s) | ETA: 3.7h
[380/979] Processing... ✓ (33.5s) | ETA: 3.7h
[381/979] Processing... ✓ (19.2s) | ETA: 3.7h
[382/979] Processing... ✓ (24.2s) | ETA: 3.7h
[383/979] Processing... ✓ (19.9s) | ETA: 3.7h
[384/979] Processing... ✓ (24.5s) | ETA: 3.6h
[385/979] Processing... ✓ (24.0s) | ETA: 3.6h
[386/979] Processing... ✓ (10.6s) | ETA: 3.6h
[387/979] Processing... ✓ (12.1s) | ETA: 3.6h
[388/979] Processing... ✓ (26.8s) | ETA: 3.6h
[389/979] Processing... ✓ (26.4s) | ETA: 3.6h
[390/979] Processing... ✓ (33.7s) | ETA: 3.6h
[391/979] Processing... ✓ (37.5s) | ETA: 3.6h
[392/979] Processing... ✓ (21.2s) | ETA: 3.6h
[393/979] Processing... ✓ (38.0s) | ETA: 3.6h
[394/979] Processing... ✓ (29.0s) | ETA: 3.6h
[395/979] Processing... ✓ (15.7s) | ETA: 3.6h
[396/979] Processing... ✓ (31.7s) | ETA: 3.6h
[397/979] Processing... ✓ (19.8s) | ETA: 3.6h
[398/979] Processing... ✓ (29.5s) | ETA: 3.6h
[399/979] Processing... ✓ (14.3s) | ETA: 3.6h
[400/979] Processing... ✓ (21.6s) | ETA: 3.6h
[401/979] Processing... ✓ (20.8s) | ETA: 3.6h
[402/979] Processing... ✓ (23.8s) | ETA: 3.6h
[403/979] Processing... ✓ (27.4s) | ETA: 3.5h
[404/979] Processing... ✓ (21.9s) | ETA: 3.5h
[405/979] Processing... ✓ (12.4s) | ETA: 3.5h
[406/979] Processing... ✓ (30.7s) | ETA: 3.5h
[407/979] Processing... ✓ (29.6s) | ETA: 3.5h
[408/979] Processing... ✓ (24.2s) | ETA: 3.5h
[409/979] Processing... ✓ (37.4s) | ETA: 3.5h
[410/979] Processing... ✓ (23.6s) | ETA: 3.5h
[411/979] Processing... ✓ (35.0s) | ETA: 3.5h
[412/979] Processing... ✓ (40.5s) | ETA: 3.5h
[413/979] Processing... ✓ (17.0s) | ETA: 3.5h
[414/979] Processing... ✓ (23.2s) | ETA: 3.5h
[415/979] Processing... ✓ (23.5s) | ETA: 3.5h
[416/979] Processing... ✓ (26.5s) | ETA: 3.5h
[417/979] Processing... ✓ (19.4s) | ETA: 3.5h
[418/979] Processing... ✓ (28.7s) | ETA: 3.5h
[419/979] Processing... ✓ (19.2s) | ETA: 3.5h
[420/979] Processing... ✓ (27.0s) | ETA: 3.5h
[421/979] Processing... ✓ (32.6s) | ETA: 3.5h
[422/979] Processing... ✓ (30.6s) | ETA: 3.5h
[423/979] Processing... ✓ (26.8s) | ETA: 3.5h
[424/979] Processing... ✓ (30.5s) | ETA: 3.5h
[425/979] Processing... ✓ (11.3s) | ETA: 3.4h
[426/979] Processing... ✓ (35.1s) | ETA: 3.4h
[427/979] Processing... ✓ (20.6s) | ETA: 3.4h
[428/979] Processing... ✓ (28.4s) | ETA: 3.4h
[429/979] Processing... ✓ (39.4s) | ETA: 3.4h
[430/979] Processing... ✓ (32.0s) | ETA: 3.4h
[431/979] Processing... ✓ (36.8s) | ETA: 3.4h
[432/979] Processing... ✓ (27.7s) | ETA: 3.4h
[433/979] Processing... ✓ (30.1s) | ETA: 3.4h
[434/979] Processing... ✓ (31.6s) | ETA: 3.4h
[435/979] Processing... ✓ (16.0s) | ETA: 3.4h
[436/979] Processing... ✓ (13.1s) | ETA: 3.4h
[437/979] Processing... ✓ (15.6s) | ETA: 3.4h
[438/979] Processing... ✓ (38.4s) | ETA: 3.4h
[439/979] Processing... ✓ (25.2s) | ETA: 3.4h
[440/979] Processing... ✓ (19.7s) | ETA: 3.4h
[441/979] Processing... ✓ (20.6s) | ETA: 3.4h
[442/979] Processing... ✓ (31.4s) | ETA: 3.4h
[443/979] Processing... ✓ (40.6s) | ETA: 3.4h
[444/979] Processing... ✓ (20.7s) | ETA: 3.4h
[445/979] Processing... ✓ (10.1s) | ETA: 3.3h
[446/979] Processing... ✓ (30.4s) | ETA: 3.3h
[447/979] Processing... ✓ (26.0s) | ETA: 3.3h
[448/979] Processing... ✓ (40.6s) | ETA: 3.3h
[449/979] Processing... ✓ (34.2s) | ETA: 3.3h
[450/979] Processing... ✓ (41.3s) | ETA: 3.3h
[451/979] Processing... ✓ (19.5s) | ETA: 3.3h
[452/979] Processing... ✓ (18.6s) | ETA: 3.3h
[453/979] Processing... ✓ (24.4s) | ETA: 3.3h
[454/979] Processing... ✓ (41.4s) | ETA: 3.3h
[455/979] Processing... ✓ (22.1s) | ETA: 3.3h
[456/979] Processing... ✓ (5.8s) | ETA: 3.3h
[457/979] Processing... ✓ (31.7s) | ETA: 3.3h
[458/979] Processing... ✓ (13.6s) | ETA: 3.3h
[459/979] Processing... ✓ (17.0s) | ETA: 3.3h
[460/979] Processing... ✓ (27.4s) | ETA: 3.3h
[461/979] Processing... ✓ (20.5s) | ETA: 3.3h
[462/979] Processing... ✓ (25.6s) | ETA: 3.3h
[463/979] Processing... ✓ (31.6s) | ETA: 3.3h
[464/979] Processing... ✓ (19.4s) | ETA: 3.2h
[465/979] Processing... ✓ (16.5s) | ETA: 3.2h
[466/979] Processing... ✓ (20.2s) | ETA: 3.2h
[467/979] Processing... ✓ (16.7s) | ETA: 3.2h
[468/979] Processing... ✓ (14.7s) | ETA: 3.2h
[469/979] Processing... ✓ (14.4s) | ETA: 3.2h
[470/979] Processing... ✓ (26.7s) | ETA: 3.2h
[471/979] Processing... ✓ (13.9s) | ETA: 3.2h
[472/979] Processing... ✓ (22.6s) | ETA: 3.2h
[473/979] Processing... ✓ (24.0s) | ETA: 3.2h
[474/979] Processing... ✓ (39.2s) | ETA: 3.2h
[475/979] Processing... ✓ (25.5s) | ETA: 3.2h
[476/979] Processing... ✓ (29.2s) | ETA: 3.2h
[477/979] Processing... ✓ (24.3s) | ETA: 3.2h
[478/979] Processing... ✓ (20.5s) | ETA: 3.2h
[479/979] Processing... ✓ (37.7s) | ETA: 3.2h
[480/979] Processing... ✓ (29.8s) | ETA: 3.1h
[481/979] Processing... ✓ (21.2s) | ETA: 3.1h
[482/979] Processing... ✓ (38.0s) | ETA: 3.1h
[483/979] Processing... ✓ (32.7s) | ETA: 3.1h
[484/979] Processing... ✓ (19.2s) | ETA: 3.1h
[485/979] Processing... ✓ (23.2s) | ETA: 3.1h
[486/979] Processing... ✓ (17.5s) | ETA: 3.1h
[487/979] Processing... ✓ (21.0s) | ETA: 3.1h
[488/979] Processing... ✓ (35.7s) | ETA: 3.1h
[489/979] Processing... ✓ (17.6s) | ETA: 3.1h
[490/979] Processing... ✓ (12.1s) | ETA: 3.1h
[491/979] Processing... ✓ (24.8s) | ETA: 3.1h
[492/979] Processing... ✓ (19.6s) | ETA: 3.1h
[493/979] Processing... ✓ (20.3s) | ETA: 3.1h
[494/979] Processing... ✓ (32.2s) | ETA: 3.1h
[495/979] Processing... ✓ (30.5s) | ETA: 3.1h
[496/979] Processing... ✓ (21.9s) | ETA: 3.1h
[497/979] Processing... ✓ (20.1s) | ETA: 3.0h
[498/979] Processing... ✓ (31.9s) | ETA: 3.0h
[499/979] Processing... ✓ (35.6s) | ETA: 3.0h
[500/979] Processing... ✓ (17.8s) | ETA: 3.0h
[501/979] Processing... ✓ (21.2s) | ETA: 3.0h
[502/979] Processing... ✓ (8.3s) | ETA: 3.0h
[503/979] Processing... ✓ (19.2s) | ETA: 3.0h
[504/979] Processing... ✓ (26.9s) | ETA: 3.0h
[505/979] Processing... ✓ (21.9s) | ETA: 3.0h
[506/979] Processing... ✓ (21.8s) | ETA: 3.0h
[507/979] Processing... ✓ (16.3s) | ETA: 3.0h
[508/979] Processing... ✓ (22.9s) | ETA: 3.0h
[509/979] Processing... ✓ (37.5s) | ETA: 3.0h
[510/979] Processing... ✓ (31.3s) | ETA: 3.0h
[511/979] Processing... ✓ (13.7s) | ETA: 3.0h
[512/979] Processing... ✓ (18.6s) | ETA: 3.0h
[513/979] Processing... ✓ (14.4s) | ETA: 2.9h
[514/979] Processing... ✓ (22.7s) | ETA: 2.9h
[515/979] Processing... ✓ (32.4s) | ETA: 2.9h
[516/979] Processing... ✓ (26.4s) | ETA: 2.9h
[517/979] Processing... ✓ (25.1s) | ETA: 2.9h
[518/979] Processing... ✓ (30.3s) | ETA: 2.9h
[519/979] Processing... ✓ (29.4s) | ETA: 2.9h
[520/979] Processing... ✓ (31.1s) | ETA: 2.9h
[521/979] Processing... ✓ (37.1s) | ETA: 2.9h
[522/979] Processing... ✓ (29.5s) | ETA: 2.9h
[523/979] Processing... ✓ (28.9s) | ETA: 2.9h
[524/979] Processing... ✓ (38.8s) | ETA: 2.9h
[525/979] Processing... ✓ (11.1s) | ETA: 2.9h
[526/979] Processing... ✓ (18.2s) | ETA: 2.9h
[527/979] Processing... ✓ (24.0s) | ETA: 2.9h
[528/979] Processing... ✓ (20.4s) | ETA: 2.9h
[529/979] Processing... ✓ (17.0s) | ETA: 2.9h
[530/979] Processing... ✓ (30.2s) | ETA: 2.9h
[531/979] Processing... ✓ (35.4s) | ETA: 2.8h
[532/979] Processing... ✓ (21.3s) | ETA: 2.8h
[533/979] Processing... ✓ (20.6s) | ETA: 2.8h
[534/979] Processing... ✓ (17.8s) | ETA: 2.8h
[535/979] Processing... ✓ (30.9s) | ETA: 2.8h
[536/979] Processing... ✓ (39.7s) | ETA: 2.8h
[537/979] Processing... ✓ (27.8s) | ETA: 2.8h
[538/979] Processing... ✓ (30.7s) | ETA: 2.8h
[539/979] Processing... ✓ (12.2s) | ETA: 2.8h
[540/979] Processing... ✓ (14.9s) | ETA: 2.8h
[541/979] Processing... ✓ (20.3s) | ETA: 2.8h
[542/979] Processing... ✓ (25.4s) | ETA: 2.8h
[543/979] Processing... ✓ (29.6s) | ETA: 2.8h
[544/979] Processing... ✓ (18.2s) | ETA: 2.8h
[545/979] Processing... ✓ (16.2s) | ETA: 2.8h
[546/979] Processing... ✓ (19.9s) | ETA: 2.8h
[547/979] Processing... ✓ (22.2s) | ETA: 2.7h
[548/979] Processing... ✓ (33.5s) | ETA: 2.7h
[549/979] Processing... ✓ (22.7s) | ETA: 2.7h
[550/979] Processing... ✓ (40.8s) | ETA: 2.7h
[551/979] Processing... ✓ (24.0s) | ETA: 2.7h
[552/979] Processing... ✓ (28.8s) | ETA: 2.7h
[553/979] Processing... ✓ (20.5s) | ETA: 2.7h
[554/979] Processing... ✓ (21.4s) | ETA: 2.7h
[555/979] Processing... ✓ (28.0s) | ETA: 2.7h
[556/979] Processing... ✓ (24.0s) | ETA: 2.7h
[557/979] Processing... ✓ (26.1s) | ETA: 2.7h
[558/979] Processing... ✓ (24.9s) | ETA: 2.7h
[559/979] Processing... ✓ (25.2s) | ETA: 2.7h
[560/979] Processing... ✓ (14.7s) | ETA: 2.7h
[561/979] Processing... ✓ (28.6s) | ETA: 2.7h
[562/979] Processing... ✓ (16.8s) | ETA: 2.7h
[563/979] Processing... ✓ (34.3s) | ETA: 2.7h
[564/979] Processing... ✓ (38.4s) | ETA: 2.7h
[565/979] Processing... ✓ (17.0s) | ETA: 2.6h
[566/979] Processing... ✓ (19.3s) | ETA: 2.6h
[567/979] Processing... ✓ (12.8s) | ETA: 2.6h
[568/979] Processing... ✓ (31.5s) | ETA: 2.6h
[569/979] Processing... ✓ (16.8s) | ETA: 2.6h
[570/979] Processing... ✓ (23.9s) | ETA: 2.6h
[571/979] Processing... ✓ (27.0s) | ETA: 2.6h
[572/979] Processing... ✓ (24.2s) | ETA: 2.6h
[573/979] Processing... ✓ (18.7s) | ETA: 2.6h
[574/979] Processing... ✓ (25.6s) | ETA: 2.6h
[575/979] Processing... ✓ (30.7s) | ETA: 2.6h
[576/979] Processing... ✓ (19.8s) | ETA: 2.6h
[577/979] Processing... ✓ (31.5s) | ETA: 2.6h
[578/979] Processing... ✓ (35.8s) | ETA: 2.6h
[579/979] Processing... ✓ (31.3s) | ETA: 2.6h
[580/979] Processing... ✓ (20.7s) | ETA: 2.6h
[581/979] Processing... ✓ (15.7s) | ETA: 2.5h
[582/979] Processing... ✓ (20.8s) | ETA: 2.5h
[583/979] Processing... ✓ (18.6s) | ETA: 2.5h
[584/979] Processing... ✓ (34.7s) | ETA: 2.5h
[585/979] Processing... ✓ (26.6s) | ETA: 2.5h
[586/979] Processing... ✓ (24.0s) | ETA: 2.5h
[587/979] Processing... ✓ (16.7s) | ETA: 2.5h
[588/979] Processing... ✓ (17.7s) | ETA: 2.5h
[589/979] Processing... ✓ (24.9s) | ETA: 2.5h
[590/979] Processing... ✓ (31.4s) | ETA: 2.5h
[591/979] Processing... ✓ (20.6s) | ETA: 2.5h
[592/979] Processing... ✓ (13.8s) | ETA: 2.5h
[593/979] Processing... ✓ (14.8s) | ETA: 2.5h
[594/979] Processing... ✓ (18.5s) | ETA: 2.5h
[595/979] Processing... ✓ (16.5s) | ETA: 2.5h
[596/979] Processing... ✓ (16.6s) | ETA: 2.4h
[597/979] Processing... ✓ (18.6s) | ETA: 2.4h
[598/979] Processing... ✓ (31.5s) | ETA: 2.4h
[599/979] Processing... ✓ (11.8s) | ETA: 2.4h
[600/979] Processing... ✓ (14.1s) | ETA: 2.4h
[601/979] Processing... ✓ (21.4s) | ETA: 2.4h
[602/979] Processing... ✓ (14.0s) | ETA: 2.4h
[603/979] Processing... ✓ (24.9s) | ETA: 2.4h
[604/979] Processing... ✓ (22.1s) | ETA: 2.4h
[605/979] Processing... ✓ (31.1s) | ETA: 2.4h
[606/979] Processing... ✓ (28.7s) | ETA: 2.4h
[607/979] Processing... ✓ (29.3s) | ETA: 2.4h
[608/979] Processing... ✓ (25.3s) | ETA: 2.4h
[609/979] Processing... ✓ (23.2s) | ETA: 2.4h
[610/979] Processing... ✓ (23.1s) | ETA: 2.4h
[611/979] Processing... ✓ (31.7s) | ETA: 2.4h
[612/979] Processing... ✓ (14.5s) | ETA: 2.3h
[613/979] Processing... ✓ (11.5s) | ETA: 2.3h
[614/979] Processing... ✓ (31.3s) | ETA: 2.3h
[615/979] Processing... ✓ (26.2s) | ETA: 2.3h
[616/979] Processing... ✓ (18.9s) | ETA: 2.3h
[617/979] Processing... ✓ (30.0s) | ETA: 2.3h
[618/979] Processing... ✓ (21.0s) | ETA: 2.3h
[619/979] Processing... ✓ (24.5s) | ETA: 2.3h
[620/979] Processing... ✓ (32.8s) | ETA: 2.3h
[621/979] Processing... ✓ (29.2s) | ETA: 2.3h
[622/979] Processing... ✓ (14.2s) | ETA: 2.3h
[623/979] Processing... ✓ (39.7s) | ETA: 2.3h
[624/979] Processing... ✓ (29.8s) | ETA: 2.3h
[625/979] Processing... ✓ (34.7s) | ETA: 2.3h
[626/979] Processing... ✓ (12.6s) | ETA: 2.3h
[627/979] Processing... ✓ (29.0s) | ETA: 2.3h
[628/979] Processing... ✓ (25.1s) | ETA: 2.2h
[629/979] Processing... ✓ (29.9s) | ETA: 2.2h
[630/979] Processing... ✓ (19.0s) | ETA: 2.2h
[631/979] Processing... ✓ (22.2s) | ETA: 2.2h
[632/979] Processing... ✓ (15.4s) | ETA: 2.2h
[633/979] Processing... ✓ (12.4s) | ETA: 2.2h
[634/979] Processing... ✓ (12.0s) | ETA: 2.2h
[635/979] Processing... ✓ (14.8s) | ETA: 2.2h
[636/979] Processing... ✓ (15.0s) | ETA: 2.2h
[637/979] Processing... ✓ (33.6s) | ETA: 2.2h
[638/979] Processing... ✓ (15.5s) | ETA: 2.2h
[639/979] Processing... ✓ (23.1s) | ETA: 2.2h
[640/979] Processing... ✓ (30.8s) | ETA: 2.2h
[641/979] Processing... ✓ (32.8s) | ETA: 2.2h
[642/979] Processing... ✓ (8.6s) | ETA: 2.2h
[643/979] Processing... ✓ (25.1s) | ETA: 2.1h
[644/979] Processing... ✓ (25.0s) | ETA: 2.1h
[645/979] Processing... ✓ (35.2s) | ETA: 2.1h
[646/979] Processing... ✓ (15.2s) | ETA: 2.1h
[647/979] Processing... ✓ (17.4s) | ETA: 2.1h
[648/979] Processing... ✓ (22.4s) | ETA: 2.1h
[649/979] Processing... ✓ (18.1s) | ETA: 2.1h
[650/979] Processing... ✓ (35.4s) | ETA: 2.1h
[651/979] Processing... ✓ (35.0s) | ETA: 2.1h
[652/979] Processing... ✓ (30.8s) | ETA: 2.1h
[653/979] Processing... ✓ (23.6s) | ETA: 2.1h
[654/979] Processing... ✓ (33.8s) | ETA: 2.1h
[655/979] Processing... ✓ (30.2s) | ETA: 2.1h
[656/979] Processing... ✓ (27.3s) | ETA: 2.1h
[657/979] Processing... ✓ (25.2s) | ETA: 2.1h
[658/979] Processing... ✓ (21.6s) | ETA: 2.1h
[659/979] Processing... ✓ (25.4s) | ETA: 2.1h
[660/979] Processing... ✓ (27.6s) | ETA: 2.0h
[661/979] Processing... ✓ (19.8s) | ETA: 2.0h
[662/979] Processing... ✓ (20.6s) | ETA: 2.0h
[663/979] Processing... ✓ (25.9s) | ETA: 2.0h
[664/979] Processing... ✓ (39.7s) | ETA: 2.0h
[665/979] Processing... ✓ (11.1s) | ETA: 2.0h
[666/979] Processing... ✓ (28.8s) | ETA: 2.0h
[667/979] Processing... ✓ (20.3s) | ETA: 2.0h
[668/979] Processing... ✓ (16.1s) | ETA: 2.0h
[669/979] Processing... ✓ (11.6s) | ETA: 2.0h
[670/979] Processing... ✓ (9.6s) | ETA: 2.0h
[671/979] Processing... ✓ (24.7s) | ETA: 2.0h
[672/979] Processing... ✓ (17.6s) | ETA: 2.0h
[673/979] Processing... ✓ (15.9s) | ETA: 2.0h
[674/979] Processing... ✓ (30.3s) | ETA: 2.0h
[675/979] Processing... ✓ (25.9s) | ETA: 1.9h
[676/979] Processing... ✓ (22.6s) | ETA: 1.9h
[677/979] Processing... ✓ (11.4s) | ETA: 1.9h
[678/979] Processing... ✓ (26.5s) | ETA: 1.9h
[679/979] Processing... ✓ (36.0s) | ETA: 1.9h
[680/979] Processing... ✓ (12.4s) | ETA: 1.9h
[681/979] Processing... ✓ (30.9s) | ETA: 1.9h
[682/979] Processing... ✓ (23.3s) | ETA: 1.9h
[683/979] Processing... ✓ (29.0s) | ETA: 1.9h
[684/979] Processing... ✓ (22.9s) | ETA: 1.9h
[685/979] Processing... ✓ (25.2s) | ETA: 1.9h
[686/979] Processing... ✓ (20.4s) | ETA: 1.9h
[687/979] Processing... ✓ (34.0s) | ETA: 1.9h
[688/979] Processing... ✓ (15.5s) | ETA: 1.9h
[689/979] Processing... ✓ (17.0s) | ETA: 1.9h
[690/979] Processing... ✓ (14.2s) | ETA: 1.8h
[691/979] Processing... ✓ (40.6s) | ETA: 1.8h
[692/979] Processing... ✓ (40.3s) | ETA: 1.8h
[693/979] Processing... ✓ (10.4s) | ETA: 1.8h
[694/979] Processing... ✓ (20.3s) | ETA: 1.8h
[695/979] Processing... ✓ (36.5s) | ETA: 1.8h
[696/979] Processing... ✓ (17.0s) | ETA: 1.8h
[697/979] Processing... ✓ (27.9s) | ETA: 1.8h
[698/979] Processing... ✓ (30.9s) | ETA: 1.8h
[699/979] Processing... ✓ (40.7s) | ETA: 1.8h
[700/979] Processing... ✓ (28.4s) | ETA: 1.8h
[701/979] Processing... ✓ (18.3s) | ETA: 1.8h
[702/979] Processing... ✓ (18.4s) | ETA: 1.8h
[703/979] Processing... ✓ (23.3s) | ETA: 1.8h
[704/979] Processing... ✓ (29.3s) | ETA: 1.8h
[705/979] Processing... ✓ (36.6s) | ETA: 1.8h
[706/979] Processing... ✓ (27.6s) | ETA: 1.8h
[707/979] Processing... ✓ (8.0s) | ETA: 1.7h
[708/979] Processing... ✓ (18.6s) | ETA: 1.7h
[709/979] Processing... ✓ (40.5s) | ETA: 1.7h
[710/979] Processing... ✓ (35.4s) | ETA: 1.7h
[711/979] Processing... ✓ (40.6s) | ETA: 1.7h
[712/979] Processing... ✓ (37.9s) | ETA: 1.7h
[713/979] Processing... ✓ (28.1s) | ETA: 1.7h
[714/979] Processing... ✓ (29.3s) | ETA: 1.7h
[715/979] Processing... ✓ (31.0s) | ETA: 1.7h
[716/979] Processing... ✓ (12.3s) | ETA: 1.7h
[717/979] Processing... ✓ (28.0s) | ETA: 1.7h
[718/979] Processing... ✓ (27.5s) | ETA: 1.7h
[719/979] Processing... ✓ (21.0s) | ETA: 1.7h
[720/979] Processing... ✓ (22.5s) | ETA: 1.7h
[721/979] Processing... ✓ (19.6s) | ETA: 1.7h
[722/979] Processing... ✓ (29.1s) | ETA: 1.7h
[723/979] Processing... ✓ (20.8s) | ETA: 1.7h
[724/979] Processing... ✓ (16.3s) | ETA: 1.6h
[725/979] Processing... ✓ (36.6s) | ETA: 1.6h
[726/979] Processing... ✓ (13.7s) | ETA: 1.6h
[727/979] Processing... ✓ (11.8s) | ETA: 1.6h
[728/979] Processing... ✓ (17.1s) | ETA: 1.6h
[729/979] Processing... ✓ (17.0s) | ETA: 1.6h
[730/979] Processing... ✓ (15.1s) | ETA: 1.6h
[731/979] Processing... ✓ (16.1s) | ETA: 1.6h
[732/979] Processing... ✓ (24.5s) | ETA: 1.6h
[733/979] Processing... ✓ (19.3s) | ETA: 1.6h
[734/979] Processing... ✓ (25.8s) | ETA: 1.6h
[735/979] Processing... ✓ (38.5s) | ETA: 1.6h
[736/979] Processing... ✓ (38.5s) | ETA: 1.6h
[737/979] Processing... ✓ (32.8s) | ETA: 1.6h
[738/979] Processing... ✓ (14.7s) | ETA: 1.6h
[739/979] Processing... ✓ (11.7s) | ETA: 1.5h
[740/979] Processing... ✓ (22.6s) | ETA: 1.5h
[741/979] Processing... ✓ (14.9s) | ETA: 1.5h
[742/979] Processing... ✓ (24.1s) | ETA: 1.5h
[743/979] Processing... ✓ (20.0s) | ETA: 1.5h
[744/979] Processing... ✓ (9.4s) | ETA: 1.5h
[745/979] Processing... ✓ (8.8s) | ETA: 1.5h
[746/979] Processing... ✓ (11.0s) | ETA: 1.5h
[747/979] Processing... ✓ (16.3s) | ETA: 1.5h
[748/979] Processing... ✓ (28.5s) | ETA: 1.5h
[749/979] Processing... ✓ (10.1s) | ETA: 1.5h
[750/979] Processing... ✓ (16.1s) | ETA: 1.5h
[751/979] Processing... ✓ (28.1s) | ETA: 1.5h
[752/979] Processing... ✓ (31.7s) | ETA: 1.5h
[753/979] Processing... ✓ (12.3s) | ETA: 1.5h
[754/979] Processing... ✓ (24.7s) | ETA: 1.4h
[755/979] Processing... ✓ (16.2s) | ETA: 1.4h
[756/979] Processing... ✓ (20.5s) | ETA: 1.4h
[757/979] Processing... ✓ (12.2s) | ETA: 1.4h
[758/979] Processing... ✓ (17.8s) | ETA: 1.4h
[759/979] Processing... ✓ (22.5s) | ETA: 1.4h
[760/979] Processing... ✓ (26.7s) | ETA: 1.4h
[761/979] Processing... ✓ (32.8s) | ETA: 1.4h
[762/979] Processing... ✓ (10.2s) | ETA: 1.4h
[763/979] Processing... ✓ (31.9s) | ETA: 1.4h
[764/979] Processing... ✓ (25.2s) | ETA: 1.4h
[765/979] Processing... ✓ (20.3s) | ETA: 1.4h
[766/979] Processing... ✓ (17.9s) | ETA: 1.4h
[767/979] Processing... ✓ (21.4s) | ETA: 1.4h
[768/979] Processing... ✓ (26.4s) | ETA: 1.4h
[769/979] Processing... ✓ (24.7s) | ETA: 1.3h
[770/979] Processing... ✓ (17.2s) | ETA: 1.3h
[771/979] Processing... ✓ (18.6s) | ETA: 1.3h
[772/979] Processing... ✓ (20.7s) | ETA: 1.3h
[773/979] Processing... ✓ (14.8s) | ETA: 1.3h
[774/979] Processing... ✓ (19.5s) | ETA: 1.3h
[775/979] Processing... ✓ (9.7s) | ETA: 1.3h
[776/979] Processing... ✓ (26.5s) | ETA: 1.3h
[777/979] Processing... ✓ (24.2s) | ETA: 1.3h
[778/979] Processing... ✓ (27.4s) | ETA: 1.3h
[779/979] Processing... ✓ (39.6s) | ETA: 1.3h
[780/979] Processing... ✓ (35.7s) | ETA: 1.3h
[781/979] Processing... ✓ (33.3s) | ETA: 1.3h
[782/979] Processing... ✓ (28.8s) | ETA: 1.3h
[783/979] Processing... ✓ (22.1s) | ETA: 1.3h
[784/979] Processing... ✓ (16.7s) | ETA: 1.3h
[785/979] Processing... ✓ (13.1s) | ETA: 1.2h
[786/979] Processing... ✓ (24.5s) | ETA: 1.2h
[787/979] Processing... ✓ (20.6s) | ETA: 1.2h
[788/979] Processing... ✓ (28.6s) | ETA: 1.2h
[789/979] Processing... ✓ (9.7s) | ETA: 1.2h
[790/979] Processing... ✓ (23.8s) | ETA: 1.2h
[791/979] Processing... ✓ (15.2s) | ETA: 1.2h
[792/979] Processing... ✓ (34.8s) | ETA: 1.2h
[793/979] Processing... ✓ (28.9s) | ETA: 1.2h
[794/979] Processing... ✓ (23.1s) | ETA: 1.2h
[795/979] Processing... ✓ (24.8s) | ETA: 1.2h
[796/979] Processing... ✓ (21.9s) | ETA: 1.2h
[797/979] Processing... ✓ (25.3s) | ETA: 1.2h
[798/979] Processing... ✓ (18.8s) | ETA: 1.2h
[799/979] Processing... ✓ (30.8s) | ETA: 1.2h
[800/979] Processing... ✓ (16.8s) | ETA: 1.1h
[801/979] Processing... ✓ (20.8s) | ETA: 1.1h
[802/979] Processing... ✓ (13.7s) | ETA: 1.1h
[803/979] Processing... ✓ (12.9s) | ETA: 1.1h
[804/979] Processing... ✓ (28.0s) | ETA: 1.1h
[805/979] Processing... ✓ (21.0s) | ETA: 1.1h
[806/979] Processing... ✓ (18.8s) | ETA: 1.1h
[807/979] Processing... ✓ (30.8s) | ETA: 1.1h
[808/979] Processing... ✓ (21.5s) | ETA: 1.1h
[809/979] Processing... ✓ (29.7s) | ETA: 1.1h
[810/979] Processing... ✓ (11.4s) | ETA: 1.1h
[811/979] Processing... ✓ (21.0s) | ETA: 1.1h
[812/979] Processing... ✓ (29.6s) | ETA: 1.1h
[813/979] Processing... ✓ (15.5s) | ETA: 1.1h
[814/979] Processing... ✓ (13.9s) | ETA: 1.1h
[815/979] Processing... ✓ (29.2s) | ETA: 1.0h
[816/979] Processing... ✓ (18.7s) | ETA: 1.0h
[817/979] Processing... ✓ (5.1s) | ETA: 1.0h
[818/979] Processing... ✓ (12.9s) | ETA: 1.0h
[819/979] Processing... ✓ (20.9s) | ETA: 1.0h
[820/979] Processing... ✓ (29.1s) | ETA: 1.0h
[821/979] Processing... ✓ (9.0s) | ETA: 1.0h
[822/979] Processing... ✓ (29.3s) | ETA: 1.0h
[823/979] Processing... ✓ (29.2s) | ETA: 1.0h
[824/979] Processing... ✓ (16.0s) | ETA: 1.0h
[825/979] Processing... ✓ (32.1s) | ETA: 1.0h
[826/979] Processing... ✓ (13.3s) | ETA: 1.0h
[827/979] Processing... ✓ (39.3s) | ETA: 1.0h
[828/979] Processing... ✓ (12.0s) | ETA: 1.0h
[829/979] Processing... ✓ (23.4s) | ETA: 1.0h
[830/979] Processing... ✓ (17.1s) | ETA: 1.0h
[831/979] Processing... ✓ (29.8s) | ETA: 0.9h
[832/979] Processing... ✓ (18.6s) | ETA: 0.9h
[833/979] Processing... ✓ (25.3s) | ETA: 0.9h
[834/979] Processing... ✓ (10.3s) | ETA: 0.9h
[835/979] Processing... ✓ (14.0s) | ETA: 0.9h
[836/979] Processing... ✓ (23.0s) | ETA: 0.9h
[837/979] Processing... ✓ (23.2s) | ETA: 0.9h
[838/979] Processing... ✓ (20.1s) | ETA: 0.9h
[839/979] Processing... ✓ (38.9s) | ETA: 0.9h
[840/979] Processing... ✓ (18.2s) | ETA: 0.9h
[841/979] Processing... ✓ (27.7s) | ETA: 0.9h
[842/979] Processing... ✓ (26.4s) | ETA: 0.9h
[843/979] Processing... ✓ (31.3s) | ETA: 0.9h
[844/979] Processing... ✓ (21.5s) | ETA: 0.9h
[845/979] Processing... ✓ (29.7s) | ETA: 0.9h
[846/979] Processing... ✓ (21.1s) | ETA: 0.9h
[847/979] Processing... ✓ (24.0s) | ETA: 0.8h
[848/979] Processing... ✓ (31.4s) | ETA: 0.8h
[849/979] Processing... ✓ (17.3s) | ETA: 0.8h
[850/979] Processing... ✓ (17.6s) | ETA: 0.8h
[851/979] Processing... ✓ (27.0s) | ETA: 0.8h
[852/979] Processing... ✓ (24.1s) | ETA: 0.8h
[853/979] Processing... ✓ (24.5s) | ETA: 0.8h
[854/979] Processing... ✓ (20.4s) | ETA: 0.8h
[855/979] Processing... ✓ (27.6s) | ETA: 0.8h
[856/979] Processing... ✓ (20.5s) | ETA: 0.8h
[857/979] Processing... ✓ (24.1s) | ETA: 0.8h
[858/979] Processing... ✓ (19.6s) | ETA: 0.8h
[859/979] Processing... ✓ (23.8s) | ETA: 0.8h
[860/979] Processing... ✓ (29.7s) | ETA: 0.8h
[861/979] Processing... ✓ (21.0s) | ETA: 0.8h
[862/979] Processing... ✓ (12.0s) | ETA: 0.7h
[863/979] Processing... ✓ (23.0s) | ETA: 0.7h
[864/979] Processing... ✓ (28.1s) | ETA: 0.7h
[865/979] Processing... ✓ (29.3s) | ETA: 0.7h
[866/979] Processing... ✓ (21.8s) | ETA: 0.7h
[867/979] Processing... ✓ (31.3s) | ETA: 0.7h
[868/979] Processing... ✓ (22.4s) | ETA: 0.7h
[869/979] Processing... ✓ (26.7s) | ETA: 0.7h
[870/979] Processing... ✓ (13.4s) | ETA: 0.7h
[871/979] Processing... ✓ (18.5s) | ETA: 0.7h
[872/979] Processing... ✓ (23.1s) | ETA: 0.7h
[873/979] Processing... ✓ (32.6s) | ETA: 0.7h
[874/979] Processing... ✓ (9.3s) | ETA: 0.7h
[875/979] Processing... ✓ (13.6s) | ETA: 0.7h
[876/979] Processing... ✓ (31.2s) | ETA: 0.7h
[877/979] Processing... ✓ (28.2s) | ETA: 0.7h
[878/979] Processing... ✓ (20.0s) | ETA: 0.6h
[879/979] Processing... ✓ (24.5s) | ETA: 0.6h
[880/979] Processing... ✓ (33.9s) | ETA: 0.6h
[881/979] Processing... ✓ (22.1s) | ETA: 0.6h
[882/979] Processing... ✓ (14.7s) | ETA: 0.6h
[883/979] Processing... ✓ (23.3s) | ETA: 0.6h
[884/979] Processing... ✓ (16.5s) | ETA: 0.6h
[885/979] Processing... ✓ (28.8s) | ETA: 0.6h
[886/979] Processing... ✓ (12.9s) | ETA: 0.6h
[887/979] Processing... ✓ (36.3s) | ETA: 0.6h
[888/979] Processing... ✓ (22.4s) | ETA: 0.6h
[889/979] Processing... ✓ (34.4s) | ETA: 0.6h
[890/979] Processing... ✓ (22.7s) | ETA: 0.6h
[891/979] Processing... ✓ (25.4s) | ETA: 0.6h
[892/979] Processing... ✓ (10.1s) | ETA: 0.6h
[893/979] Processing... ✓ (34.3s) | ETA: 0.6h
[894/979] Processing... ✓ (24.7s) | ETA: 0.5h
[895/979] Processing... ✓ (15.9s) | ETA: 0.5h
[896/979] Processing... ✓ (18.7s) | ETA: 0.5h
[897/979] Processing... ✓ (12.9s) | ETA: 0.5h
[898/979] Processing... ✓ (31.2s) | ETA: 0.5h
[899/979] Processing... ✓ (23.9s) | ETA: 0.5h
[900/979] Processing... ✓ (34.1s) | ETA: 0.5h
[901/979] Processing... ✓ (29.9s) | ETA: 0.5h
[902/979] Processing... ✓ (12.0s) | ETA: 0.5h
[903/979] Processing... ✓ (18.6s) | ETA: 0.5h
[904/979] Processing... ✓ (17.9s) | ETA: 0.5h
[905/979] Processing... ✓ (10.7s) | ETA: 0.5h
[906/979] Processing... ✓ (21.4s) | ETA: 0.5h
[907/979] Processing... ✓ (15.6s) | ETA: 0.5h
[908/979] Processing... ✓ (29.7s) | ETA: 0.5h
[909/979] Processing... ✓ (23.4s) | ETA: 0.4h
[910/979] Processing... ✓ (23.8s) | ETA: 0.4h
[911/979] Processing... ✓ (37.3s) | ETA: 0.4h
[912/979] Processing... ✓ (21.0s) | ETA: 0.4h
[913/979] Processing... ✓ (15.8s) | ETA: 0.4h
[914/979] Processing... ✓ (19.6s) | ETA: 0.4h
[915/979] Processing... ✓ (13.2s) | ETA: 0.4h
[916/979] Processing... ✓ (21.9s) | ETA: 0.4h
[917/979] Processing... ✓ (11.4s) | ETA: 0.4h
[918/979] Processing... ✓ (17.9s) | ETA: 0.4h
[919/979] Processing... ✓ (15.9s) | ETA: 0.4h
[920/979] Processing... ✓ (25.3s) | ETA: 0.4h
[921/979] Processing... ✓ (19.9s) | ETA: 0.4h
[922/979] Processing... ✓ (20.1s) | ETA: 0.4h
[923/979] Processing... ✓ (27.6s) | ETA: 0.4h
[924/979] Processing... ✓ (14.3s) | ETA: 0.4h
[925/979] Processing... ✓ (25.9s) | ETA: 0.3h
[926/979] Processing... ✓ (21.7s) | ETA: 0.3h
[927/979] Processing... ✓ (18.9s) | ETA: 0.3h
[928/979] Processing... ✓ (14.7s) | ETA: 0.3h
[929/979] Processing... ✓ (29.8s) | ETA: 0.3h
[930/979] Processing... ✓ (26.3s) | ETA: 0.3h
[931/979] Processing... ✓ (28.7s) | ETA: 0.3h
[932/979] Processing... ✓ (29.1s) | ETA: 0.3h
[933/979] Processing... ✓ (19.6s) | ETA: 0.3h
[934/979] Processing... ✓ (30.4s) | ETA: 0.3h
[935/979] Processing... ✓ (21.7s) | ETA: 0.3h
[936/979] Processing... ✓ (20.9s) | ETA: 0.3h
[937/979] Processing... ✓ (14.3s) | ETA: 0.3h
[938/979] Processing... ✓ (7.3s) | ETA: 0.3h
[939/979] Processing... ✓ (14.7s) | ETA: 0.3h
[940/979] Processing... ✓ (20.5s) | ETA: 0.2h
[941/979] Processing... ✓ (25.4s) | ETA: 0.2h
[942/979] Processing... ✓ (36.2s) | ETA: 0.2h
[943/979] Processing... ✓ (24.1s) | ETA: 0.2h
[944/979] Processing... ✓ (6.7s) | ETA: 0.2h
[945/979] Processing... ✓ (35.3s) | ETA: 0.2h
[946/979] Processing... ✓ (25.4s) | ETA: 0.2h
[947/979] Processing... ✓ (19.0s) | ETA: 0.2h
[948/979] Processing... ✓ (12.5s) | ETA: 0.2h
[949/979] Processing... ✓ (7.7s) | ETA: 0.2h
[950/979] Processing... ✓ (18.4s) | ETA: 0.2h
[951/979] Processing... ✓ (22.2s) | ETA: 0.2h
[952/979] Processing... ✓ (22.4s) | ETA: 0.2h
[953/979] Processing... ✓ (24.3s) | ETA: 0.2h
[954/979] Processing... ✓ (34.8s) | ETA: 0.2h
[955/979] Processing... ✓ (11.9s) | ETA: 0.2h
[956/979] Processing... ✓ (20.5s) | ETA: 0.1h
[957/979] Processing... ✓ (27.4s) | ETA: 0.1h
[958/979] Processing... ✓ (39.7s) | ETA: 0.1h
[959/979] Processing... ✓ (29.4s) | ETA: 0.1h
[960/979] Processing... ✓ (8.9s) | ETA: 0.1h
[961/979] Processing... ✓ (10.3s) | ETA: 0.1h
[962/979] Processing... ✓ (27.9s) | ETA: 0.1h
[963/979] Processing... ✓ (23.9s) | ETA: 0.1h
[964/979] Processing... ✓ (8.6s) | ETA: 0.1h
[965/979] Processing... ✓ (8.5s) | ETA: 0.1h
[966/979] Processing... ✓ (40.8s) | ETA: 0.1h
[967/979] Processing... ✓ (29.6s) | ETA: 0.1h
[968/979] Processing... ✓ (4.6s) | ETA: 0.1h
[969/979] Processing... ✓ (17.3s) | ETA: 0.1h
[970/979] Processing... ✓ (32.2s) | ETA: 0.1h
[971/979] Processing... ✓ (20.5s) | ETA: 0.1h
[972/979] Processing... ✓ (29.0s) | ETA: 0.0h
[973/979] Processing... ✓ (13.7s) | ETA: 0.0h
[974/979] Processing... ✓ (27.0s) | ETA: 0.0h
[975/979] Processing... ✓ (22.2s) | ETA: 0.0h
[976/979] Processing... ✓ (21.5s) | ETA: 0.0h
[977/979] Processing... ✓ (23.3s) | ETA: 0.0h
[978/979] Processing... ✓ (6.7s) | ETA: 0.0h
[979/979] Processing... ✓ (27.1s) | ETA: 0.0h

================================================================================
Generation Complete!
================================================================================
Total time: 6.22 hours
Successful: 979/979
Failed: 0
Average per example: 22.9s

Output file: CAI/data/constitutional_training_data_mistral.jsonl
Progress file: CAI/data/progress_mistral.json
================================================================================

================================
Job completed: Thu Nov  6 12:57:46 AM EST 2025
================================
